
[2015-07-24 14:15:35]
Gz file returned for request
http://csa.esac.esa.int/csa/aio/product-action?&NON_BROWSER&USERNAME=graham&PASSWORD=FW6J6pmp&DELIVERY_FORMAT=CDF&DELIVERY_INTERVAL=ALL&NO_NOTIFY&DATASET_ID=C1_CP_EFW_L2_EB&START_DATE=2003-03-01T03:57:07.000000Z&END_DATE=2003-03-01T03:57:19.000000Z

[2015-07-24 14:15:39]
Gz file returned for request
http://csa.esac.esa.int/csa/aio/product-action?&NON_BROWSER&USERNAME=graham&PASSWORD=FW6J6pmp&DELIVERY_FORMAT=CDF&DELIVERY_INTERVAL=ALL&NO_NOTIFY&DATASET_ID=C1_CP_EFW_L2_BB&START_DATE=2003-03-01T03:57:07.000000Z&END_DATE=2003-03-01T03:57:19.000000Z

[2015-07-24 14:15:42]
Gz file returned for request
http://csa.esac.esa.int/csa/aio/product-action?&NON_BROWSER&USERNAME=graham&PASSWORD=FW6J6pmp&DELIVERY_FORMAT=CDF&DELIVERY_INTERVAL=ALL&NO_NOTIFY&DATASET_ID=C2_CP_EFW_L2_EB&START_DATE=2003-03-01T04:02:14.000000Z&END_DATE=2003-03-01T04:02:27.000000Z

[2015-07-24 14:15:45]
Gz file returned for request
http://csa.esac.esa.int/csa/aio/product-action?&NON_BROWSER&USERNAME=graham&PASSWORD=FW6J6pmp&DELIVERY_FORMAT=CDF&DELIVERY_INTERVAL=ALL&NO_NOTIFY&DATASET_ID=C2_CP_EFW_L2_BB&START_DATE=2003-03-01T04:02:14.000000Z&END_DATE=2003-03-01T04:02:27.000000Z

[2015-07-24 14:15:49]
Gz file returned for request
http://csa.esac.esa.int/csa/aio/product-action?&NON_BROWSER&USERNAME=graham&PASSWORD=FW6J6pmp&DELIVERY_FORMAT=CDF&DELIVERY_INTERVAL=ALL&NO_NOTIFY&DATASET_ID=C3_CP_EFW_L2_EB&START_DATE=2003-03-01T04:39:34.000000Z&END_DATE=2003-03-01T04:39:46.000000Z

[2015-07-24 14:15:52]
Gz file returned for request
http://csa.esac.esa.int/csa/aio/product-action?&NON_BROWSER&USERNAME=graham&PASSWORD=FW6J6pmp&DELIVERY_FORMAT=CDF&DELIVERY_INTERVAL=ALL&NO_NOTIFY&DATASET_ID=C3_CP_EFW_L2_BB&START_DATE=2003-03-01T04:39:34.000000Z&END_DATE=2003-03-01T04:39:46.000000Z

[2015-07-24 14:15:56]
Gz file returned for request
http://csa.esac.esa.int/csa/aio/product-action?&NON_BROWSER&USERNAME=graham&PASSWORD=FW6J6pmp&DELIVERY_FORMAT=CDF&DELIVERY_INTERVAL=ALL&NO_NOTIFY&DATASET_ID=C4_CP_EFW_L2_EB&START_DATE=2003-03-01T03:59:04.000000Z&END_DATE=2003-03-01T03:59:16.000000Z

[2015-07-24 14:15:59]
Gz file returned for request
http://csa.esac.esa.int/csa/aio/product-action?&NON_BROWSER&USERNAME=graham&PASSWORD=FW6J6pmp&DELIVERY_FORMAT=CDF&DELIVERY_INTERVAL=ALL&NO_NOTIFY&DATASET_ID=C4_CP_EFW_L2_BB&START_DATE=2003-03-01T03:59:04.000000Z&END_DATE=2003-03-01T03:59:16.000000Z

[2015-07-24 14:16:23]
Gz file returned for request
http://csa.esac.esa.int/csa/aio/product-action?&NON_BROWSER&USERNAME=graham&PASSWORD=FW6J6pmp&DELIVERY_FORMAT=CDF&DELIVERY_INTERVAL=ALL&NO_NOTIFY&DATASET_ID=C*_CP_FGM_FULL_ISR2&START_DATE=2003-03-01T03:30:00.000000Z&END_DATE=2003-03-01T05:00:00.000000Z
