
[2015-07-27 14:27:35]
Gz file returned for request
http://csa.esac.esa.int/csa/aio/product-action?&NON_BROWSER&USERNAME=graham&PASSWORD=FW6J6pmp&DELIVERY_FORMAT=CDF&DELIVERY_INTERVAL=ALL&NO_NOTIFY&DATASET_ID=C2_CP_EFW_L2_EB&START_DATE=2005-02-25T10:37:03.000000Z&END_DATE=2005-02-25T10:37:16.000000Z

[2015-07-27 14:27:40]
Gz file returned for request
http://csa.esac.esa.int/csa/aio/product-action?&NON_BROWSER&USERNAME=graham&PASSWORD=FW6J6pmp&DELIVERY_FORMAT=CDF&DELIVERY_INTERVAL=ALL&NO_NOTIFY&DATASET_ID=C2_CP_EFW_L2_PB&START_DATE=2005-02-25T10:37:03.000000Z&END_DATE=2005-02-25T10:37:16.000000Z

[2015-07-27 14:27:44]
Gz file returned for request
http://csa.esac.esa.int/csa/aio/product-action?&NON_BROWSER&USERNAME=graham&PASSWORD=FW6J6pmp&DELIVERY_FORMAT=CDF&DELIVERY_INTERVAL=ALL&NO_NOTIFY&DATASET_ID=C2_CP_EFW_L1_IB&START_DATE=2005-02-25T10:37:03.000000Z&END_DATE=2005-02-25T10:37:16.000000Z

[2015-07-27 14:27:48]
Gz file returned for request
http://csa.esac.esa.int/csa/aio/product-action?&NON_BROWSER&USERNAME=graham&PASSWORD=FW6J6pmp&DELIVERY_FORMAT=CDF&DELIVERY_INTERVAL=ALL&NO_NOTIFY&DATASET_ID=C4_CP_EFW_L2_EB&START_DATE=2005-02-25T10:37:05.000000Z&END_DATE=2005-02-25T10:37:17.000000Z

[2015-07-27 14:27:52]
Gz file returned for request
http://csa.esac.esa.int/csa/aio/product-action?&NON_BROWSER&USERNAME=graham&PASSWORD=FW6J6pmp&DELIVERY_FORMAT=CDF&DELIVERY_INTERVAL=ALL&NO_NOTIFY&DATASET_ID=C4_CP_EFW_L2_PB&START_DATE=2005-02-25T10:37:05.000000Z&END_DATE=2005-02-25T10:37:17.000000Z

[2015-07-27 14:27:57]
Gz file returned for request
http://csa.esac.esa.int/csa/aio/product-action?&NON_BROWSER&USERNAME=graham&PASSWORD=FW6J6pmp&DELIVERY_FORMAT=CDF&DELIVERY_INTERVAL=ALL&NO_NOTIFY&DATASET_ID=C4_CP_EFW_L1_IB&START_DATE=2005-02-25T10:37:05.000000Z&END_DATE=2005-02-25T10:37:17.000000Z

[2015-07-27 14:28:05]
Gz file returned for request
http://csa.esac.esa.int/csa/aio/product-action?&NON_BROWSER&USERNAME=graham&PASSWORD=FW6J6pmp&DELIVERY_FORMAT=CDF&DELIVERY_INTERVAL=ALL&NO_NOTIFY&DATASET_ID=C2_CP_FGM_FULL&START_DATE=2005-02-25T10:25:00.000000Z&END_DATE=2005-02-25T10:45:00.000000Z

[2015-07-27 14:28:12]
Gz file returned for request
http://csa.esac.esa.int/csa/aio/product-action?&NON_BROWSER&USERNAME=graham&PASSWORD=FW6J6pmp&DELIVERY_FORMAT=CDF&DELIVERY_INTERVAL=ALL&NO_NOTIFY&DATASET_ID=C2_CP_FGM_FULL_ISR2&START_DATE=2005-02-25T10:25:00.000000Z&END_DATE=2005-02-25T10:45:00.000000Z

[2015-07-27 14:28:20]
Gz file returned for request
http://csa.esac.esa.int/csa/aio/product-action?&NON_BROWSER&USERNAME=graham&PASSWORD=FW6J6pmp&DELIVERY_FORMAT=CDF&DELIVERY_INTERVAL=ALL&NO_NOTIFY&DATASET_ID=C4_CP_FGM_FULL&START_DATE=2005-02-25T10:25:00.000000Z&END_DATE=2005-02-25T10:45:00.000000Z

[2015-07-27 14:28:28]
Gz file returned for request
http://csa.esac.esa.int/csa/aio/product-action?&NON_BROWSER&USERNAME=graham&PASSWORD=FW6J6pmp&DELIVERY_FORMAT=CDF&DELIVERY_INTERVAL=ALL&NO_NOTIFY&DATASET_ID=C4_CP_FGM_FULL_ISR2&START_DATE=2005-02-25T10:25:00.000000Z&END_DATE=2005-02-25T10:45:00.000000Z

[2015-07-27 14:33:20]
Gz file returned for request
http://csa.esac.esa.int/csa/aio/product-action?&NON_BROWSER&USERNAME=graham&PASSWORD=FW6J6pmp&DELIVERY_FORMAT=CDF&DELIVERY_INTERVAL=ALL&NO_NOTIFY&DATASET_ID=C2_CP_EFW_L2_EB&START_DATE=2005-02-25T10:37:03.000000Z&END_DATE=2005-02-25T10:37:16.000000Z

[2015-07-27 14:33:24]
Gz file returned for request
http://csa.esac.esa.int/csa/aio/product-action?&NON_BROWSER&USERNAME=graham&PASSWORD=FW6J6pmp&DELIVERY_FORMAT=CDF&DELIVERY_INTERVAL=ALL&NO_NOTIFY&DATASET_ID=C2_CP_EFW_L2_BB&START_DATE=2005-02-25T10:37:03.000000Z&END_DATE=2005-02-25T10:37:16.000000Z

[2015-07-27 14:33:27]
Gz file returned for request
http://csa.esac.esa.int/csa/aio/product-action?&NON_BROWSER&USERNAME=graham&PASSWORD=FW6J6pmp&DELIVERY_FORMAT=CDF&DELIVERY_INTERVAL=ALL&NO_NOTIFY&DATASET_ID=C2_CP_EFW_L2_PB&START_DATE=2005-02-25T10:37:03.000000Z&END_DATE=2005-02-25T10:37:16.000000Z

[2015-07-27 14:33:31]
Gz file returned for request
http://csa.esac.esa.int/csa/aio/product-action?&NON_BROWSER&USERNAME=graham&PASSWORD=FW6J6pmp&DELIVERY_FORMAT=CDF&DELIVERY_INTERVAL=ALL&NO_NOTIFY&DATASET_ID=C2_CP_EFW_L1_IB&START_DATE=2005-02-25T10:37:03.000000Z&END_DATE=2005-02-25T10:37:16.000000Z

[2015-07-27 14:33:36]
Gz file returned for request
http://csa.esac.esa.int/csa/aio/product-action?&NON_BROWSER&USERNAME=graham&PASSWORD=FW6J6pmp&DELIVERY_FORMAT=CDF&DELIVERY_INTERVAL=ALL&NO_NOTIFY&DATASET_ID=C4_CP_EFW_L2_EB&START_DATE=2005-02-25T10:37:05.000000Z&END_DATE=2005-02-25T10:37:17.000000Z

[2015-07-27 14:33:40]
Gz file returned for request
http://csa.esac.esa.int/csa/aio/product-action?&NON_BROWSER&USERNAME=graham&PASSWORD=FW6J6pmp&DELIVERY_FORMAT=CDF&DELIVERY_INTERVAL=ALL&NO_NOTIFY&DATASET_ID=C4_CP_EFW_L2_BB&START_DATE=2005-02-25T10:37:05.000000Z&END_DATE=2005-02-25T10:37:17.000000Z

[2015-07-27 14:33:44]
Gz file returned for request
http://csa.esac.esa.int/csa/aio/product-action?&NON_BROWSER&USERNAME=graham&PASSWORD=FW6J6pmp&DELIVERY_FORMAT=CDF&DELIVERY_INTERVAL=ALL&NO_NOTIFY&DATASET_ID=C4_CP_EFW_L2_PB&START_DATE=2005-02-25T10:37:05.000000Z&END_DATE=2005-02-25T10:37:17.000000Z

[2015-07-27 14:33:49]
Gz file returned for request
http://csa.esac.esa.int/csa/aio/product-action?&NON_BROWSER&USERNAME=graham&PASSWORD=FW6J6pmp&DELIVERY_FORMAT=CDF&DELIVERY_INTERVAL=ALL&NO_NOTIFY&DATASET_ID=C4_CP_EFW_L1_IB&START_DATE=2005-02-25T10:37:05.000000Z&END_DATE=2005-02-25T10:37:17.000000Z

[2015-07-27 14:33:56]
Gz file returned for request
http://csa.esac.esa.int/csa/aio/product-action?&NON_BROWSER&USERNAME=graham&PASSWORD=FW6J6pmp&DELIVERY_FORMAT=CDF&DELIVERY_INTERVAL=ALL&NO_NOTIFY&DATASET_ID=C2_CP_FGM_FULL&START_DATE=2005-02-25T10:25:00.000000Z&END_DATE=2005-02-25T10:45:00.000000Z

[2015-07-27 14:34:06]
Gz file returned for request
http://csa.esac.esa.int/csa/aio/product-action?&NON_BROWSER&USERNAME=graham&PASSWORD=FW6J6pmp&DELIVERY_FORMAT=CDF&DELIVERY_INTERVAL=ALL&NO_NOTIFY&DATASET_ID=C2_CP_FGM_FULL_ISR2&START_DATE=2005-02-25T10:25:00.000000Z&END_DATE=2005-02-25T10:45:00.000000Z

[2015-07-27 14:34:14]
Gz file returned for request
http://csa.esac.esa.int/csa/aio/product-action?&NON_BROWSER&USERNAME=graham&PASSWORD=FW6J6pmp&DELIVERY_FORMAT=CDF&DELIVERY_INTERVAL=ALL&NO_NOTIFY&DATASET_ID=C4_CP_FGM_FULL&START_DATE=2005-02-25T10:25:00.000000Z&END_DATE=2005-02-25T10:45:00.000000Z

[2015-07-27 14:34:23]
Gz file returned for request
http://csa.esac.esa.int/csa/aio/product-action?&NON_BROWSER&USERNAME=graham&PASSWORD=FW6J6pmp&DELIVERY_FORMAT=CDF&DELIVERY_INTERVAL=ALL&NO_NOTIFY&DATASET_ID=C4_CP_FGM_FULL_ISR2&START_DATE=2005-02-25T10:25:00.000000Z&END_DATE=2005-02-25T10:45:00.000000Z
