
[2015-07-27 11:40:49]
Gz file returned for request
http://csa.esac.esa.int/csa/aio/product-action?&NON_BROWSER&USERNAME=graham&PASSWORD=FW6J6pmp&DELIVERY_FORMAT=CDF&DELIVERY_INTERVAL=ALL&NO_NOTIFY&DATASET_ID=C4_CP_EFW_L2_EB&START_DATE=2007-04-10T11:20:15.000000Z&END_DATE=2007-04-10T11:20:28.000000Z

[2015-07-27 11:40:53]
Gz file returned for request
http://csa.esac.esa.int/csa/aio/product-action?&NON_BROWSER&USERNAME=graham&PASSWORD=FW6J6pmp&DELIVERY_FORMAT=CDF&DELIVERY_INTERVAL=ALL&NO_NOTIFY&DATASET_ID=C4_CP_EFW_L2_BB&START_DATE=2007-04-10T11:20:15.000000Z&END_DATE=2007-04-10T11:20:28.000000Z

[2015-07-27 11:40:56]
Gz file returned for request
http://csa.esac.esa.int/csa/aio/product-action?&NON_BROWSER&USERNAME=graham&PASSWORD=FW6J6pmp&DELIVERY_FORMAT=CDF&DELIVERY_INTERVAL=ALL&NO_NOTIFY&DATASET_ID=C4_CP_EFW_L2_PB&START_DATE=2007-04-10T11:20:15.000000Z&END_DATE=2007-04-10T11:20:28.000000Z

[2015-07-27 11:40:59]
Gz file returned for request
http://csa.esac.esa.int/csa/aio/product-action?&NON_BROWSER&USERNAME=graham&PASSWORD=FW6J6pmp&DELIVERY_FORMAT=CDF&DELIVERY_INTERVAL=ALL&NO_NOTIFY&DATASET_ID=C4_CP_EFW_L1_IB&START_DATE=2007-04-10T11:20:15.000000Z&END_DATE=2007-04-10T11:20:28.000000Z

[2015-07-27 11:41:04]
Gz file returned for request
http://csa.esac.esa.int/csa/aio/product-action?&NON_BROWSER&USERNAME=graham&PASSWORD=FW6J6pmp&DELIVERY_FORMAT=CDF&DELIVERY_INTERVAL=ALL&NO_NOTIFY&DATASET_ID=C4_CP_FGM_FULL&START_DATE=2007-04-10T11:10:00.000000Z&END_DATE=2007-04-10T11:30:00.000000Z

[2015-07-27 11:41:10]
Gz file returned for request
http://csa.esac.esa.int/csa/aio/product-action?&NON_BROWSER&USERNAME=graham&PASSWORD=FW6J6pmp&DELIVERY_FORMAT=CDF&DELIVERY_INTERVAL=ALL&NO_NOTIFY&DATASET_ID=C4_CP_FGM_FULL_ISR2&START_DATE=2007-04-10T11:10:00.000000Z&END_DATE=2007-04-10T11:30:00.000000Z

[2015-07-27 11:42:58]
Gz file returned for request
http://csa.esac.esa.int/csa/aio/product-action?&NON_BROWSER&USERNAME=graham&PASSWORD=FW6J6pmp&DELIVERY_FORMAT=CDF&DELIVERY_INTERVAL=ALL&NO_NOTIFY&DATASET_ID=C2_CP_EFW_L2_EB&START_DATE=2007-04-10T11:20:15.000000Z&END_DATE=2007-04-10T11:20:28.000000Z

[2015-07-27 11:43:02]
Gz file returned for request
http://csa.esac.esa.int/csa/aio/product-action?&NON_BROWSER&USERNAME=graham&PASSWORD=FW6J6pmp&DELIVERY_FORMAT=CDF&DELIVERY_INTERVAL=ALL&NO_NOTIFY&DATASET_ID=C2_CP_EFW_L2_BB&START_DATE=2007-04-10T11:20:15.000000Z&END_DATE=2007-04-10T11:20:28.000000Z

[2015-07-27 11:43:07]
Gz file returned for request
http://csa.esac.esa.int/csa/aio/product-action?&NON_BROWSER&USERNAME=graham&PASSWORD=FW6J6pmp&DELIVERY_FORMAT=CDF&DELIVERY_INTERVAL=ALL&NO_NOTIFY&DATASET_ID=C2_CP_EFW_L2_PB&START_DATE=2007-04-10T11:20:15.000000Z&END_DATE=2007-04-10T11:20:28.000000Z

[2015-07-27 11:43:12]
Gz file returned for request
http://csa.esac.esa.int/csa/aio/product-action?&NON_BROWSER&USERNAME=graham&PASSWORD=FW6J6pmp&DELIVERY_FORMAT=CDF&DELIVERY_INTERVAL=ALL&NO_NOTIFY&DATASET_ID=C2_CP_EFW_L1_IB&START_DATE=2007-04-10T11:20:15.000000Z&END_DATE=2007-04-10T11:20:28.000000Z

[2015-07-27 11:43:17]
Gz file returned for request
http://csa.esac.esa.int/csa/aio/product-action?&NON_BROWSER&USERNAME=graham&PASSWORD=FW6J6pmp&DELIVERY_FORMAT=CDF&DELIVERY_INTERVAL=ALL&NO_NOTIFY&DATASET_ID=C2_CP_FGM_FULL&START_DATE=2007-04-10T11:10:00.000000Z&END_DATE=2007-04-10T11:30:00.000000Z

[2015-07-27 11:43:23]
Gz file returned for request
http://csa.esac.esa.int/csa/aio/product-action?&NON_BROWSER&USERNAME=graham&PASSWORD=FW6J6pmp&DELIVERY_FORMAT=CDF&DELIVERY_INTERVAL=ALL&NO_NOTIFY&DATASET_ID=C2_CP_FGM_FULL_ISR2&START_DATE=2007-04-10T11:10:00.000000Z&END_DATE=2007-04-10T11:30:00.000000Z
