
[2015-07-27 14:51:56]
Gz file returned for request
http://csa.esac.esa.int/csa/aio/product-action?&NON_BROWSER&USERNAME=graham&PASSWORD=FW6J6pmp&DELIVERY_FORMAT=CDF&DELIVERY_INTERVAL=ALL&NO_NOTIFY&DATASET_ID=C2_CP_EFW_L2_EB&START_DATE=2002-02-06T08:54:43.000000Z&END_DATE=2002-02-06T08:54:56.000000Z

[2015-07-27 14:51:59]
Gz file returned for request
http://csa.esac.esa.int/csa/aio/product-action?&NON_BROWSER&USERNAME=graham&PASSWORD=FW6J6pmp&DELIVERY_FORMAT=CDF&DELIVERY_INTERVAL=ALL&NO_NOTIFY&DATASET_ID=C2_CP_EFW_L2_PB&START_DATE=2002-02-06T08:54:43.000000Z&END_DATE=2002-02-06T08:54:56.000000Z

[2015-07-27 14:52:05]
Gz file returned for request
http://csa.esac.esa.int/csa/aio/product-action?&NON_BROWSER&USERNAME=graham&PASSWORD=FW6J6pmp&DELIVERY_FORMAT=CDF&DELIVERY_INTERVAL=ALL&NO_NOTIFY&DATASET_ID=C2_CP_EFW_L1_IB&START_DATE=2002-02-06T08:54:43.000000Z&END_DATE=2002-02-06T08:54:56.000000Z

[2015-07-27 14:52:09]
Gz file returned for request
http://csa.esac.esa.int/csa/aio/product-action?&NON_BROWSER&USERNAME=graham&PASSWORD=FW6J6pmp&DELIVERY_FORMAT=CDF&DELIVERY_INTERVAL=ALL&NO_NOTIFY&DATASET_ID=C3_CP_EFW_L2_EB&START_DATE=2002-02-06T08:54:43.000000Z&END_DATE=2002-02-06T08:54:56.000000Z

[2015-07-27 14:52:12]
Gz file returned for request
http://csa.esac.esa.int/csa/aio/product-action?&NON_BROWSER&USERNAME=graham&PASSWORD=FW6J6pmp&DELIVERY_FORMAT=CDF&DELIVERY_INTERVAL=ALL&NO_NOTIFY&DATASET_ID=C3_CP_EFW_L2_PB&START_DATE=2002-02-06T08:54:43.000000Z&END_DATE=2002-02-06T08:54:56.000000Z

[2015-07-27 14:52:18]
Gz file returned for request
http://csa.esac.esa.int/csa/aio/product-action?&NON_BROWSER&USERNAME=graham&PASSWORD=FW6J6pmp&DELIVERY_FORMAT=CDF&DELIVERY_INTERVAL=ALL&NO_NOTIFY&DATASET_ID=C3_CP_EFW_L1_IB&START_DATE=2002-02-06T08:54:43.000000Z&END_DATE=2002-02-06T08:54:56.000000Z

[2015-07-27 14:52:24]
Gz file returned for request
http://csa.esac.esa.int/csa/aio/product-action?&NON_BROWSER&USERNAME=graham&PASSWORD=FW6J6pmp&DELIVERY_FORMAT=CDF&DELIVERY_INTERVAL=ALL&NO_NOTIFY&DATASET_ID=C2_CP_FGM_FULL&START_DATE=2002-02-06T08:45:00.000000Z&END_DATE=2002-02-06T09:05:00.000000Z

[2015-07-27 14:52:31]
Gz file returned for request
http://csa.esac.esa.int/csa/aio/product-action?&NON_BROWSER&USERNAME=graham&PASSWORD=FW6J6pmp&DELIVERY_FORMAT=CDF&DELIVERY_INTERVAL=ALL&NO_NOTIFY&DATASET_ID=C2_CP_FGM_FULL_ISR2&START_DATE=2002-02-06T08:45:00.000000Z&END_DATE=2002-02-06T09:05:00.000000Z

[2015-07-27 14:52:37]
Gz file returned for request
http://csa.esac.esa.int/csa/aio/product-action?&NON_BROWSER&USERNAME=graham&PASSWORD=FW6J6pmp&DELIVERY_FORMAT=CDF&DELIVERY_INTERVAL=ALL&NO_NOTIFY&DATASET_ID=C3_CP_FGM_FULL&START_DATE=2002-02-06T08:45:00.000000Z&END_DATE=2002-02-06T09:05:00.000000Z

[2015-07-27 14:52:43]
Gz file returned for request
http://csa.esac.esa.int/csa/aio/product-action?&NON_BROWSER&USERNAME=graham&PASSWORD=FW6J6pmp&DELIVERY_FORMAT=CDF&DELIVERY_INTERVAL=ALL&NO_NOTIFY&DATASET_ID=C3_CP_FGM_FULL_ISR2&START_DATE=2002-02-06T08:45:00.000000Z&END_DATE=2002-02-06T09:05:00.000000Z
